<?xml version="1.0" encoding="UTF-8"?>
<testsuite xmlns:xsi="http://www.w3.org/2001/XMLSchema-instance" xsi:noNamespaceSchemaLocation="https://maven.apache.org/surefire/maven-surefire-plugin/xsd/surefire-test-report-3.0.xsd" version="3.0" name="com.xwl.SpringMybatisTailsApplicationTests" time="0.717" tests="3" errors="1" skipped="0" failures="0">
  <properties>
[...]
</properties>
  <testcase name="testJwt" classname="com.xwl.SpringMybatisTailsApplicationTests" time="0.517">
    <system-out><![CDATA[eyJhbGciOiJIUzI1NiJ9.eyJuYW1lIjoidG9tIiwiaWQiOjEsImV4cCI6MTY4OTI2ODQxMn0.Qq8U9s4-V7O7-aNUFULEU8z5IqhBMr5q3255jDVN87s
]]></system-out>
  </testcase>
  <testcase name="contextLoads" classname="com.xwl.SpringMybatisTailsApplicationTests" time="0.078">
    <system-out><![CDATA[f30b5de5-8e22-4ac1-9f4f-b9a0cb20345d
c09db09d-554d-47dc-9245-79cd11ff3133
1f728284-55d6-42b4-887c-2ac86d4c7205
9523eb81-8e60-4a2f-9e21-de02ac399247
d7e96c56-4584-4ec9-98ab-bfc7e2a7a448
201e1712-2f6b-4050-9c96-5ea7425823c4
8b92e767-e00f-491e-8639-724eb8fa9d0c
eddb72b0-599b-4ea8-9cf2-c2a173ca822d
99d94f66-cd46-4b77-8eed-6cf3e7d72c43
ffff0b7b-e32b-43a1-aeec-b68601930759
0798e577-93eb-44e7-b712-24216d09a345
d61a86ed-e20a-409e-a6c1-68003a544e6c
a529d6e4-49ff-4892-ab7b-e9f3060bbe64
11c2f73a-f42b-4ce1-93ce-f2d7759726e5
84442e16-ffda-4bb2-9eeb-22550027efe2
479f42f6-9f54-45e9-8eca-4e142ae6764a
613d872d-ebac-4932-84a9-c650234c5f6e
2cc799ea-1ea7-47c6-84df-297f91d5cb33
9393f5f3-2506-4669-b95f-3b89a7213720
de281f07-136a-4156-b516-ce10b39781c2
bb1bbb7a-a35d-4a2b-81aa-cfba4219d5cc
ab3f0e9f-ecdb-4d78-a477-1c90e27ee885
25204bc8-8b82-4fa2-99d6-b73392c25089
fc6a2770-d659-49b9-9253-8bebe7def9cc
1bcf46d0-bbf6-4894-a2d9-82240287aa6e
58179539-59e3-4d81-84e4-485217883aad
4488e894-3ccd-4a4b-bb2e-c7e5c3a730fd
dceb6189-9ade-43a7-83e3-78562d86f5f8
62e83be5-fc68-45a6-9aa5-a3a0fc720412
80dc8281-7f85-414d-a33a-33734fb37609
582a6641-2239-4baa-95dc-30bd94ef5abd
d1eccf6b-0b01-48ff-8d30-919cb83934ed
f06c8a4c-b91e-49a4-bb70-c01320a20cbf
7abf28f1-e5e0-40c7-8383-2f4b72fdb764
07be7782-7619-419f-aed4-6794782762be
73738372-0209-4465-a604-4d18e6e2fc54
e094748f-477d-4449-a507-f2aa5570a73d
135e7c3d-f393-489f-b442-0a8f5a30a910
d80d5ea0-3cb4-4c74-80e9-64b903ce6a82
dffe86b0-3ba7-45a3-9a95-2b9799885a72
a2fe614f-3982-4109-8657-4d71a418e3b2
ee1c8f0c-8d6f-42db-9bf0-c2e529db6499
981ac00f-da29-4962-a264-e96c3112c3bf
573c05d6-7fe7-4adf-a1b1-685803100bea
96540e13-31d5-4469-8b14-355649f66388
d049a9f2-9061-4b49-847f-dd74a382c504
64a8998f-1829-4602-8010-b3557f58cc7d
fed4865b-4603-4e09-9395-5ee248963ded
b4c27130-8f1d-416a-930e-04556ba85887
9c20aa94-8fff-4b19-b0bc-2bcfbcf2de93
9da46ab6-009f-487a-9c38-cb453e088df8
5a92a653-4217-4217-bd39-cf0a44d9c973
7b5df203-aa61-4c92-8770-42e4912aac32
457fafea-9309-4b25-af23-e573c49e4dfa
da613349-c7a0-4ec7-ad52-ec6d8d5a72bd
e458a371-fafe-4f4e-8c6e-3eb0f2616197
44112703-86fe-46dc-b36b-13ed2d437d6f
c8985e96-f8ed-4273-a232-c172c76c04f5
606a8a8c-8342-4ea4-ae10-4b8522f3a972
70333ab9-00bc-4db3-89ae-28b0f20baaa1
9b976f4d-c7e0-4582-a9bb-a0865e08d5d0
258255c5-8faf-4938-a1af-4ee124fe0047
41c09a99-d8ae-4a35-9b3b-d70b6c80d955
747703a5-10da-497a-86be-67321a433fb8
89d55f09-95e2-4855-a184-d4657db72b07
ef316730-c9ab-4bad-972d-e5df29a5e6f8
6a70de29-1212-4f77-ac3b-ac34af140b55
64e5a5be-4c98-4a11-9e24-eab4c6c43ce8
6c989b7d-c5a3-4970-aa25-69ce5e0c3dc9
62f3e9cd-d277-492c-9c53-acbb6f231f11
e4be6f96-6b06-46c9-b9bb-2c44ef15317c
5082b4b4-658b-4575-93ae-2eccf16dc482
2857c6a8-d730-4709-9a70-f7cb161f299b
b5cd2623-7d7b-49e4-8c52-f48fadc3ecc2
7323e453-bfe6-45ad-a0f1-8a6fc081045b
175f4ede-04ae-4de7-b714-9fe4af16b3ea
8d414e74-495f-4831-86b3-a750719a288c
2522b81e-fbba-44ce-84ef-8ba9dd7df8ed
7641f009-8314-40e1-b268-37d6af85e920
89255958-cafe-4312-aeed-59f15a7bb5aa
e2415557-f189-4abe-ab28-330ac098eb24
84ef28b3-42e2-46a1-9200-dcb771735ad4
d0a9394a-4628-4b7f-828b-a38d3753d91a
7e25743b-0815-4f28-b772-e096b4894dce
012f7af7-7a15-4752-bb58-0a6ffd194d57
34e2c6a1-2d15-4113-beb4-d7ba73b89dae
305ec294-b9df-4e15-a884-50a322a114d0
4c691b48-6faf-4ba2-9b78-47312e904499
0b6e206f-de04-40e1-a6c2-c4cac2023dc2
e1b438e4-3296-44f2-bc1c-ee65b04c06c7
4cf6bfb6-8b23-45b4-8ae3-03a7717d7899
f552d062-03d1-415e-a9c6-4169c21eaa81
277759d9-a4d5-4dfc-9dbb-75438325fdf3
7630fb03-716f-4d6d-9201-cd46c559d257
6df21ae4-edd4-49cf-b8b5-0350820fa78e
540029b1-f488-498d-9571-329be5ed4335
57623af0-7dd8-4e6b-8e0c-a8d22580afa8
528339c1-fdbf-4659-bb10-53a1b1cf2004
fa27accd-6210-4230-879d-030b2b318342
7fd577c9-8ab0-4449-9da2-d30e5873a8f9
92016c71-641c-45cb-bcee-cf6c61b21b72
0ee697b3-221c-4679-8555-d9e2b1929cdf
a341cef1-2bcb-4022-a462-5cb5339fac3c
74db7ee3-4ebc-4efa-8a82-db2a94e11798
69056b9d-0ac7-403a-92dd-e06e3e7236b0
979db78f-af10-4511-8cf0-a8bff62ffc17
9acfdeee-b73c-4d5a-92b2-6a989311a174
67ad6857-8549-49b1-89cf-76805d81d70e
183b10a7-7f3f-410f-ae73-d8d2ea71e9f2
c8bc9092-8ce1-4217-a8a6-610aefc41ca8
b8f40494-07e8-4526-a9a9-d67d09d7b8b4
3d17eb79-c7bb-4596-a4a3-5a642e390648
fa0eb488-bbd4-4bd5-8c75-2bf38c553bc3
18ea8c96-0bdc-4cbf-b410-b4741116b6c0
ea55eb54-9263-4b9f-88da-f7c9f5bc043a
a33276fa-09ab-4a83-9e10-9045e99bfa8b
556bd2b9-5796-487e-9279-07d2910414cf
18e82847-555e-4f57-a521-3f78d261bd05
14563db4-c14b-4c5d-8c49-7b4d6c2690b3
0b193191-1764-44af-9a37-da1a1ab12ad8
48ef1f4c-a698-4387-a46e-ea5ae800dbd8
be6cf87a-e2f4-43a8-940e-d3253588924d
9b2f9bba-f64b-4b06-8e60-4703754724cc
6f07dd8b-8f67-450a-9b84-8643b5c3066b
7b7284aa-ea3c-41af-82a9-30b1e70207f3
196398f6-e756-4b4a-92f2-76d04f0eb41a
e7a42f97-e7f0-4153-9924-4639ee2eaf1c
e9a5bf09-bf8f-4f7b-aac5-27bbde6896a3
a2dac584-3f71-4286-ad0e-abe386ba8379
482dc88b-ecb8-4ac3-bbbe-a43073e9fe23
d4ca1ea6-c198-4a35-a91d-de4e720a39d4
3516aa25-4a5d-4e38-afad-924a748a147b
41c1ca40-978b-4ce8-b49d-6b1712501589
b8bfce0c-db2e-4f21-956c-1f9be6bd1507
6d485752-9920-4f8c-9dc1-0b34aa4e337e
8b30bad9-cd60-45ad-b741-58c56b576ce6
2d00cfa8-7023-4fb4-ae70-c355087c4210
fabea882-d047-48db-b2ef-9fceca4ec40b
4814310f-8b99-42fe-92ed-7b9ec87a87d0
33fdc525-519e-4bc6-b6ed-204da79242f7
db840667-a115-4ef1-90c4-b56476cdefbf
6b952d2a-9a53-437d-a586-497657f360b3
f40f368e-9948-4cec-8b46-1cd98778fc5b
3dd76e42-d468-49fc-a9d5-5e935bf96edf
e62b5b45-7b59-43be-a5c8-ce78f9da3cc3
81796678-50e5-4c3c-a0d0-89d223b296f2
1d58eea6-8232-4e5f-a882-35948bf43769
4f4dc8b4-e104-4756-ba8b-bc4ff7e69f16
cacbff9c-0f0d-4948-96df-319b37db6958
86fddb7b-c0d9-4254-97a7-5cf2fca17792
9dfa4ee3-4e59-460e-ab77-4dc53befdaf7
0ab5d9cb-d1c0-49df-a4a4-8ffa4fa93b3c
ae553af0-d532-4b77-8403-15b2d52478b3
a2270875-edf8-4a8d-b0aa-efcdabe5e024
9ff48c01-6beb-4849-b0fd-d325aa2791eb
b184aaad-3d23-474b-9b4c-d2ac93600a86
a2c15479-066f-4677-a2b5-2236b17ae5ff
345a9921-3f7c-450e-bdfa-0ab383714ef5
875d6f0d-0953-4ad4-b956-0cd6d699b96c
b6756a7c-3ee9-4716-a8eb-a6f93434b550
4ab0027c-bce0-45fd-a0f1-152084f57e08
db812750-05a9-4189-abc2-d9b42a94fdee
be19dce5-b2e6-4fa4-ab33-1807ebd3068e
9d11d3b6-15d3-4b86-9818-2284f8dcad4e
beb0ede6-02f9-4ce2-8a69-4c9e951d2940
9dda98c8-6104-4345-b1f3-073ff99b1dea
f6a79b2d-8f71-4490-9899-4de10823f65e
6603def0-5b1e-4b81-8a26-878be0790d4d
b035bff6-054f-464c-b979-9ce5f29e1cbd
3d9dd0ab-beae-493a-b42c-0ed349fcd342
a414e758-0673-4d50-b639-d0b0348ab954
79806cce-f7a7-4fdd-9ffe-ed39ae54e7b1
265f4176-7424-4371-b86b-94c5507773ef
2a9a465a-13d1-4c14-8397-b6d3705dc92d
137fa3d0-cef6-42d4-aec4-905a8cfe50b3
32e0c119-8d8d-468c-96f5-983d246b94a8
2321e1d2-c3de-4054-98c6-923f8219ffe2
422e8179-bf82-4b16-a533-11bc69d3a520
0295b258-1954-4cc0-9723-a1da5787a880
aa6a0d3a-5dbe-4256-a6ff-a0c6e1ebaa17
8ecd9b64-3a72-498f-b031-7b002ffeda4e
214cc076-d313-452c-b7bc-e9c76200c924
ba11e22e-bf13-4e05-888b-703a419aa2cc
732bced3-fb77-45ec-a84f-7d53201ca7af
8da689dd-6956-4fee-9e48-cea9b4fee253
3ae7b0fa-8b91-46fe-9122-44cbc0fc6473
48ce2892-a4d1-4ddd-95df-7a124ba7ab9c
40d7e35d-3c00-4bfd-9877-76adba48009a
4a4da3c2-874e-4ea5-a396-531c3a2549a6
7383edcb-1449-4563-9d12-073efa52a648
05f356ab-bb1b-4152-aff8-c607322110f1
e95818b6-5d4c-4d86-9e90-7803032b28ad
c2e4bac1-2b1c-4c29-b6f9-5bafd3d50ee7
ebbf0ce4-9d5a-4c5a-8471-584a18277a85
1219302c-3012-495a-8425-7291770b9086
a2ee838a-a535-4a6f-86c4-608e92b2b061
7d1acc81-37ea-4d8e-85c9-0f266141ff68
2475cfcd-d242-4c88-8c13-12940fa6fb81
62a0fde7-1d99-40ca-bc7c-33a403cd3584
a52e2b37-744f-462d-90ca-ec1c3899502a
69adcf23-9872-40c0-8a94-b785475ecef7
ea6475e6-73a6-4276-a644-9bb67c2ab580
8b0cb411-f450-43a5-9f1f-ccaa386b8000
d410eea3-6cba-49a8-baac-b57f7d0b6c24
8127a25d-e32b-4843-880b-a8e02d7464c7
f13ac19f-f475-4b44-b27e-b075e3b8d16d
1a57995c-de2f-402f-99ae-4674a280984d
0839a2a0-a61a-4438-bf02-3ca6f7a58a29
54c115d4-0e61-4956-9e01-578458553535
0442ebbb-d44b-4032-abb6-f7a20ab89f66
9cb7f1cb-066f-4a6d-a4f8-acf36c088c62
5a4c1f2b-c95b-4f05-9c55-dede18c516b3
3c34f601-4484-4978-8277-a118028eaa85
f2c0f154-e3de-4989-87d2-718e93df74db
df277efb-e5d7-45ba-8a05-ddf9251901c1
c303adf6-b553-46be-aa47-cb16e72f1111
8c20b065-0399-479f-ba67-c64ef056cadf
64fd9e67-b534-442b-b48d-6289da2e59f5
5b4563f4-3f5d-483a-bdc7-6141fbca06cb
00140926-658e-46bd-aa9a-b0378924b60a
27143694-684a-4c23-bbdc-2a9e8b965d73
d153a2ce-dcaa-49ce-9c18-18aa02d8d071
970bea73-c576-4e33-b13b-75d019599830
7687d273-fe69-442a-8dd8-46d71260c9c0
316dc3ba-03b3-45d1-84a4-8d0455878ebb
d13ecf4d-f9c1-403e-8029-cebc91456b36
fcd9c0b6-ff16-4ae6-898e-2e135bf67221
50418bba-dc89-4fe8-9c8d-16034fc5756f
d60a0aa8-f994-4791-b94b-55a0cd779b72
04a19c85-d3ba-4c0f-b431-c107358745be
b1a38f1c-2fac-4045-afb9-f932e4edd853
2d46232d-f3ae-4357-b334-a21de0ad6f2f
e0250e6e-f24c-4ee6-a457-d23b77b96f6f
e306bc32-3420-4743-94e5-1429bf03a380
997751de-413f-40ce-b3e2-9245833bc5cf
a68b384b-167c-4a65-b485-f5bb411f3e57
f15e00c3-5086-4df6-8711-a161802e6a1b
fb473262-4108-4e96-ba09-323346033722
6ed76f8e-b37f-456c-9ad8-668dcb99f80f
587fe139-a123-4a7d-8832-9487bc7a1273
9ae18359-2eea-4c1c-b85c-1e529bf5584b
098fd6f8-5d77-4b7b-b442-2256a5be68a0
31cc2970-6da1-4aab-bcc3-af3313449c68
dc88e986-cf79-4f9c-99f3-e5b947717372
b24ab3b5-11d6-4d03-8dc2-d1b2fbe7733c
e2a6f713-8c2b-4fb5-a75e-dc937b819a8e
1bdc92e9-6396-4920-8047-6970a4747bed
475ff288-dc56-4d99-8280-f775fa84db5b
59c46194-970a-4a02-9fb0-bc16da65eeef
2614b442-9691-4ac8-bc60-c258fd9321ca
d98c6155-8153-48a9-a027-d48550f87f4b
195d5da9-37a4-4d59-b5de-6014011ee8c0
e7bebd7c-b881-493e-9f6a-a75986d6d2ac
a423facc-70bf-45a2-a9f4-db7c61004771
d592b990-8ad9-40a0-b353-ab4fca16135d
0f775f64-229b-406d-862a-c68b1bb6d62d
4beb8753-8faf-4e5a-8727-71cd69f4e491
76a8f2f0-16c9-479d-bb37-58546373f606
e8d0272d-ba47-4a71-ba0f-b6b05013da3a
c6996fce-1868-40fb-822a-2c14986659a7
69f67d6e-b491-453c-99f7-fb93622757d6
160d3351-cb84-40f4-9fe8-933c09f42278
78cbf060-a881-472a-9672-24dd039ba6b0
b1789caa-42ac-44e4-8979-a3e31f622f41
05de880c-948a-4d1d-a39a-69bb8ed1c59b
de8dee62-a804-4a00-a52c-a3928ded39cd
e4900a83-3d50-4857-b2e1-17e5d8d2883c
ed0950bd-ab50-4be1-ae04-3c0daebc7b34
7b396f60-ee35-48e0-adf4-2c0dd74fb648
967bf6db-4e99-4fba-a54c-5d969870daa1
379af3d1-3798-4b5c-95ee-99b7b00d693b
6bac22bb-6215-43e5-a706-f17994f9545b
b1606792-3eb5-4e8f-92d4-39d550c966ec
af04e226-d985-4472-b4ee-b8dd3038f03c
5617d792-ecd2-49e8-8198-f5dd8fc285a6
b2a2cc81-4c70-4583-b908-abe497830c7b
ff1679bb-a63c-4bb3-9a58-0315698c23e2
6772482e-6a9b-4ed0-9c33-d172636de92f
a7a904cc-f47d-42c8-af80-eda90d0eba30
b072e6e7-d99d-4921-acb8-17ba9cd228a7
ccef08be-76a7-4979-9d67-4f2c5a3fe4ea
f95ba670-6748-4bd5-8e93-2d32426473a9
0463788f-29cd-4e5b-a156-ea9e68002601
8b0002b1-3978-4032-ae0a-d127b8db02b1
fba976df-f344-409b-a277-59d310cff85c
ab01259b-c055-4665-b4a5-1867b2b7d1ed
a9207870-5246-4910-9ff6-c443dfdcb1a2
91d9c67a-6314-4308-a8cd-f5b0dcab73df
e66b8a33-6e65-4f7b-9796-b38faa209d46
626cd156-fc65-45a1-b4f4-bbbc348ee9e1
6b9655d5-5f52-45d6-b100-4943d06e80cc
8c62f5dc-f1c9-47e6-a47d-21912dab0346
92d4057a-40f2-4fba-a673-832ebae2207e
b606ac8e-7f15-4f29-94fd-8a4055bd6d6d
f8a98269-7194-4e1b-9978-efe6fc7f482f
9f7a42bb-8486-4586-a065-9c1795f98be9
c693ea3e-5806-4201-9b7b-381be85b5ffc
1eebe6a1-888b-4d27-b6c7-ea87bdde5f84
29d2c4ca-e445-4af1-83bc-76d3f6adef86
672ffa67-9021-4d18-bb85-0bd6b8c915a2
c610ddc9-be1a-4df3-875a-4a4d0ea58ef7
88629ce4-954c-40d0-9045-79c4124b46f0
6fbece17-8f59-45c3-acd6-6e073c937187
b4c3800b-7fe4-42e6-b891-3cf0e9053cc1
cac343e8-71b9-4a0e-97cc-ec43b9a263af
0e33cb6a-9636-439b-ba3e-30f37ffaae65
a3ed48b2-84f4-4e0e-b0f8-866807bc5230
ec027162-726d-4d3e-ab82-b39510bafd4e
54cb5a9f-8cf6-4838-bfae-3a607ddeb5d3
11fa4845-298a-4340-9313-66ca2d1d106a
6f32ace6-5e7c-45f7-a200-b32f053ef4d1
d8a0eca2-9e70-42e8-a22d-e4c896fb1fd2
192440bc-0c5f-43fd-b202-e4cf9f8d1b78
c5d2a1a8-2bcd-441e-a1dd-f694fd4d8690
889aad85-7861-47ec-b72d-e09e9cee747f
59911fe9-137e-4ebc-a712-478194068905
553a7f23-c2d2-4b3d-b14e-8ed398b7200d
89531043-7641-47dd-ae71-004b7e98f5cc
39287eda-479b-4526-aa6d-e7cf472a4ae0
74017c01-4f44-47a4-8617-4646ca5e981c
5332d086-5424-4219-817a-e67e8baa47b2
eaa7c5cc-449e-45dc-9394-5591e6f02394
b1b433b0-8127-4d6f-9b89-a1063cc6c38c
85afcb17-3763-4803-8455-102c11498756
af2ba65a-0452-41e9-9e2a-bb6bc79b324c
c38e99fa-47b6-4952-a260-51dde0037a92
53b0889b-be89-4053-8f85-600626b5291a
1f3f8818-489d-4b17-acaf-5a42660da24e
46bb13df-4559-4938-9f75-db75da37274e
01f76c32-3149-4d08-be52-738d708b4b93
8dca393a-f8ef-4abf-8234-11b0c132b4c1
2ab34783-424a-4073-8e15-a2464fd5a24b
85898fff-0fe5-4e1e-b2b1-c7b477d12bac
3594abe3-b034-430d-86bb-3ab0d89ed0f2
7737cf07-d8cb-4428-8381-2323c28194ee
96dd41d0-c3b6-4636-bb8f-0ea038a6939d
9ae51726-9b93-440c-b21a-1d3c56965d52
8da92355-d79f-4cf1-b7c7-dafcb92d0131
6afc62bc-8915-48ca-8630-e86634352565
eab36fcd-6857-4dfa-904b-ba01e291f873
963c2880-b79f-49f9-92c5-8b4dae0d29bb
08776fd9-1f3e-4182-b101-46e1da1a1384
ceba49ee-1d7b-451e-81b4-6e359ed914c8
051f2b0e-650d-4a1a-9237-a110b8af8296
08b83887-9e36-46be-8f59-ffb0ee540db7
b1a16241-670c-4369-a957-49fb75128d8b
573b994f-4ad7-48e0-b154-bf6dfe7b7c19
c34eefb4-44e9-41fc-a95c-d501a7e733e5
a02d4581-fe02-4fba-a888-d224be247fd7
0b00f77d-6a44-45ff-a9c2-fd983351b05e
b2ac9b75-a205-4153-8317-66ccfc55f092
f2b1e764-93c4-4ee2-8f57-fe6685c049a3
eb66d05d-08a7-43f4-8d95-59c3d4a5c71b
558f2f01-0a19-47b4-8d7b-ae34d85e5b6b
3595fb6a-4ccb-405a-9a2d-b96e946be5c7
a5ceea39-4f76-4fc2-ae5d-58f6d7438489
4d7b414c-e429-4502-85d6-d5dcdae8651a
b794b299-ae64-42b5-a464-2f5edcdb26ae
347fefd6-217d-4ccf-9799-e09f38036fd6
638f6b07-0c60-4120-8de2-297a0ed43ade
1ed8fa82-b25d-4e6b-8a58-d4f4fe696f39
798aa01b-0e0f-463e-a450-cb25d3e102d1
e8df40ce-52a4-47d6-ac95-d782fc2d4a79
67ecc2a7-44d1-45d5-a0a8-4e10848ccd82
f2687d73-89e9-4146-ba6c-f189e19caa7d
2211a666-fa08-4871-bebe-758dc07e7c3e
15490bc6-934b-42c9-9cac-fb6b434f5054
7ac24dfd-5240-4432-8061-dc7affa248f5
56dccf83-72db-4458-9ef0-0158a2b881ca
cd1eb38a-b248-4f84-a582-63377979be49
ffc11404-ce40-47c6-b89c-408f94617ca6
054231ad-522d-4b5a-b053-d47ccf793840
6277defa-46a4-4196-bad1-35377bb52526
d19b356c-d0c8-458f-944a-8aa3e22acae2
2eb407be-77e6-45b1-9bb6-69ff8c44dd1f
d80aab09-bb77-413f-b4c5-44ced35ddc5f
01b67239-5fea-4088-84c5-65c9f5557e55
b2fd0517-2d4f-46b7-a5d3-bcf723fe4c69
02b55756-9ae2-4eec-917d-484ea87d0bc9
7be611c5-f317-47e8-b458-286251fbb0c1
73b62b95-180d-493e-814b-ec8c423ab08a
3db2b016-6e33-45d1-8c97-0d7c00895bfb
08269ba5-988a-4238-81dc-1b3d9813eab4
8c303565-4e62-4020-9e87-188a29b521f4
5af2dd87-0f22-4043-ac7a-454eeb05ef38
4a549d64-6a95-410e-841f-3e5961492212
a43c01b8-5588-4c3b-ac62-1f8dc5bdcafb
e451b764-3196-4ca7-830c-7028deab4f5d
c6ec1c58-435f-40d9-96f2-bdd23d1cef41
f4403b3f-4be6-4e0d-b562-0df8bf3fe070
5abd67a0-3435-4a80-b611-fcefbff2fefd
00361a4f-8734-4da0-8721-a777d3eef116
45acb59c-581f-4529-bddd-d6d6229c6397
c22764de-a786-4322-97c0-8218569bafa2
4bcb2767-91d6-4f03-b8ec-aad055f58bc5
6579c833-4049-43e9-9275-fc90d2556411
ac0f08ce-e2e5-47f3-9ae9-a8d20eaa4f40
364a2298-210e-4ef8-8aa2-05bdf2e309a1
b07fab29-8b16-4789-9cb2-7c8532f7393a
abb33576-bba3-4d4c-abe9-c1608ac0f278
96a35a87-dea2-4239-923b-c12f6cde1572
c9bf9d26-58ed-420b-a9e5-bb4b03fc394b
1e32373f-4ebc-49a1-af69-c81d041bba54
25e0f747-eaca-4c5f-b37f-8857c9b2e9ca
30fd3df9-5fcd-44d6-8329-aa40a68ce4bc
cbfa3928-9b63-42fc-a1de-3e2244ffca5e
9d113b9a-1b7e-449d-b5b2-5575af445683
b22f7e1e-9752-4d96-8855-c8fd515d5e86
2ae5b68b-cf3c-4f22-8646-8c8c7f9b8713
473aa7e1-1acd-4e26-8b01-579d7e7406a8
4cc3040a-34f2-4d5c-8c8c-d3e8a706608f
442265f0-b922-44eb-be01-34f6515c7ab8
a8fd0846-436a-4527-9020-666153ef3d5e
f4efc7d6-9c23-4426-9e63-79d372dae9d5
e217f171-c8ba-4dfc-827f-a7e3c4e4ec88
5a6cb6b0-5ab1-404b-a06c-b2df048b142d
5adf8e63-2eed-42fd-b902-39d37b34bf61
d68a2e97-9098-4804-8f3e-87c1f20e209b
72c5cb23-83d8-43db-846d-6117d69dfbff
19c59a6a-27e8-4e28-8fe2-d3537d1a373f
4d0dab0d-25a5-4e77-9480-1711b04154fa
87261eba-7163-4945-9d1b-c1159c23bd1b
5556bfb0-fcc6-4ba4-89a8-c1b41027e302
283f1a8f-272c-49e2-93fe-ffa8a9a6e2c0
2494ae05-8b7a-470e-b551-15aa86c4b050
0175f90f-34f8-447e-ae73-b902c7d46919
92f1d53a-b861-43b7-9837-10cccc9ea072
575738e8-6e8d-467a-a635-5c0100da0d54
5d88f561-684f-47bc-ad8e-e9c33fd781de
ec125952-1a2b-45f8-a2bc-3f3fdb5d79ce
cca824ea-0457-4b86-a90f-6ef2512823a0
3d7cbd56-6001-4201-8ffd-69505bd002c4
5026906d-3475-4f44-9fc7-d975b18deb56
e42f8eb9-9303-49c0-a988-d78c02dd8104
fa0119ec-66bf-4b7f-a763-5b01f8c7efdb
626ba510-3693-4b56-96bc-9d2ae8aea464
2859de5d-31a1-469e-90a6-7b9259aa896f
349dc148-deea-4a16-bb47-b9c278f26d71
bf371b5f-45c1-4969-a3b8-8d941bacfc9c
5128a1d0-e05a-4ceb-80d7-067054ed8873
b8adea36-175d-472d-8068-6a6211dff3d2
4bd7b745-ebb5-425c-981a-e98e2d8a9fec
7d4ced18-e348-4273-b017-cb168b760332
edffd355-460c-4b73-b494-bd3154988df8
65c1ae5b-22db-4a7b-873f-fb628eb97554
4461528b-ffd9-487f-85ca-ba0877d1e445
3db190ad-a91b-49ea-8c0b-a3712924af31
9252f647-f104-4b82-90c6-99e8eae75a45
d0182827-1b39-47b4-811d-afd266e52da5
fa1cadf3-a811-40d7-9c54-427abfbb226a
95ca1993-92f4-494a-af6b-4ec9401a8e9a
c1b9ac4a-527c-4319-94f0-8106c492154b
9083ec9c-dcd1-4ec0-a985-24746a84d3bb
43f3e2ba-cf32-46fc-be54-895eca7d1bb0
f3c68a78-afe9-4812-bff0-7eeca2a0374e
db5d81c9-7b70-4e1b-8866-bed932f0bb36
b0931f74-cac6-431e-a198-32fdbecbc016
8e33b2c9-1c15-49cd-bf85-a2857ab1b542
1cb79e76-d23c-4115-9d11-9086e9be6982
a3cdbdf2-648b-440f-8dd2-4f20de1698d0
e49377f1-88e7-41bb-8730-44a4f48ab01c
5069f8af-3989-43e9-8e29-78312d3e7d6e
b094ca58-5e5d-4014-ab91-19e52b16d377
50d6f781-2c27-4091-9b18-e817f79c2fbe
ad57081a-9e32-4a25-88fd-a4b05930a36e
51402ef1-427d-434a-826c-92449a0c9c37
660aac39-6691-4244-89db-09d9f444680b
15e4e2e0-38ce-4aeb-aed5-0b84d43aefb5
bf817dd9-dd25-4d6d-9a51-34ab3526deb9
35d3dd62-577b-478a-b59b-2dcce7c0676f
791eb2bd-1155-4f3d-8153-a33091b2bc5e
9f08a614-a38e-42a4-ad64-274aea8057f3
c43ecf5d-438f-403e-a1a9-9aab7343e1da
18d47241-a2df-45e1-87dd-01feb07de9fe
c5f16f1f-57e6-4ce0-a689-be2a3f080cdb
7825df99-a5e4-4d65-8816-564456a226a0
2f281913-e7d1-4c54-81cf-9b518da8a914
e8fdd300-14ad-4bf9-8083-5558279c28c8
a551bbe6-3361-48fc-b31f-dd9406047c77
523b3bc1-6ffd-481a-8d09-06704c5dbaef
ae4aa973-a5a1-4753-b1e9-49fb7ae1c7be
80ed8667-4621-44a2-8d74-65a4bc39e161
9e6c7b41-1aca-4e5c-b02d-8435f1ded05a
ccbac108-29e1-4d54-b9e4-e9777a48a7ae
87dc30ca-4f84-4636-8d7a-d2413fb7ace0
5dfb7cbe-e2cc-4ef5-8be3-c78a5b02e2c0
2ea0fbc1-1ffc-449e-ac4b-0a7ff2ea7efe
258cf916-9681-42d3-b675-53af7376bd2a
24178297-ee8c-446f-b9b5-1752c0d4c30c
39a6d650-127c-4a9a-84d6-24cb2a984bfa
85dd3674-9e53-4c1a-89ff-a7ce023d6100
7531bfb0-fd56-475a-bf70-b8245b6635fe
8cd7bbec-8c8d-48fb-ade0-f032c3c1a2fd
476e232a-7490-426a-a23e-c247d967d876
89ca965e-6cbf-4adb-99ae-d593c63f4a89
a9e795dd-b36c-40ed-8914-50288538e376
953d0f18-a959-4ee2-8027-29c90a53f6d3
7b345e73-3465-498b-a227-03584f53fba9
8c9af4a8-40e0-4147-b9cd-58011dc0b843
795e5a6e-258d-4a40-8127-567a7fbe35c2
0062296e-ef33-410d-8112-f595af4f608a
f1b2ebbd-4c3b-4d9b-bf61-c149bb6efabe
3ce96157-361d-409c-b1f9-6033e52268c8
36231adb-400f-4db9-9b7f-f2cfa85bf9cb
f7e48e7e-bc7c-4bed-8df7-006fe86c153f
419145a8-3bda-470b-936d-684c51b6147f
f2e27a77-c772-42c2-a59a-22e7db522814
1651be5a-48dd-4211-819b-0932985c65c8
3265642a-0b7e-42e2-8889-048bc3b1f589
aa925dd7-755c-4230-9fca-6c40e9c7728e
1b5c6747-ba1d-405a-aaa5-a11f0ff6b4de
d29bc96a-e200-4b5d-ac5d-b3efa8b834f0
1889e815-5bbb-43df-84c6-8b1add304f26
d1b7b34c-92c2-4d9b-8182-23c9b93bd9a3
5622d9db-2d0a-43ba-b524-ebf7eca292f9
6a1924ce-7d1a-4dee-ba3d-42788b902c0f
3faf65dd-d830-40dd-9b02-f0d156c48ad3
09bc6370-3ee7-4443-a9b0-24e6ba4cdcf7
9b1006e4-f014-422d-ae52-fec17ac9ae5d
21c20a77-4561-4442-a4dc-bce85a849946
33a5b350-e9a0-40df-826e-99207005e40a
338628cc-c44b-4383-8e27-d9daf3c2e0c7
eb91b34e-060d-4719-a31d-eae1adf55b52
92e8e97b-4b67-4477-a982-bc8431d8fa46
63049a5a-4f19-4771-9700-01c2dda7e598
02aacd5a-38ca-402a-b99a-29eb631f8b4e
80067999-e6c0-4656-9746-3f2fee091c0d
0dcadae1-e2bd-4e9c-92ad-fa23a87d1934
6e21f1dc-0617-4ce0-81ed-aeb055ebe7b8
7e5d2d38-8252-418e-aa1b-197fdc4f5bbc
c4914858-eb48-41f1-8846-1cba3030795c
533dec74-3530-4e76-8ea4-05b8d8aa5b83
9c01a6f9-aa16-48ca-8cf6-0d743e17f3e6
8a9470fe-8f00-49c5-9f6f-b4964273c102
a59d24ef-df79-47ad-8917-7749a2103c63
6595dd96-d341-4360-9e93-6e2532eba18e
77728d6c-242b-4e10-bfbe-1f15af7c204e
190bd83c-80b5-4d53-96be-8d10e7c66002
e732f1dd-9379-4065-90f4-2d699ed0104d
48955f71-758e-49e9-b05d-2594ac3d9d6b
e9ce0dca-289d-40a3-b2f0-99bcae1e08e4
a1d62fd1-24c7-4726-8a1b-7dcd39909e90
a8cc1b3c-b0b3-42b8-9428-be3912b2c6f3
43429906-07b5-44a4-a838-c4437919889f
92e18529-2b7c-4af0-bf05-25c689dace86
0b0626d3-f8e4-4c9c-b581-d26efe0baf26
c6cf9f62-d651-46ba-a715-2ff90a2cf21d
6512ade1-a4d2-4b16-8dee-58a7f2dc9431
6a83505b-0dc7-4fa6-981e-03d1408b4246
7ac5011d-ae5b-4a0f-a093-9def44cda7e3
1b5cd095-4fe8-4e77-91ab-0326a392d62d
2722eafd-cf78-4657-ae8f-80a511ec10bf
eb575617-c45a-43e1-9a8b-e3c9af2e2ee7
d3b699b6-793f-4853-8f87-484b3d4ee426
a812de3d-30b8-4f16-b8a1-11587dd2a455
4b0fbad2-1e11-4b8a-836c-3ea684179eae
3cc2bd3b-9eb1-42ed-b976-f06a040cb4ba
66e3c59c-9eca-47e4-aa38-050afc77ef0d
f2b7f765-7fb5-4dba-961e-45fb8d0dcd5d
05480a83-ce01-4698-9c9a-7654ed3f78b2
928fe26e-c404-45e7-9e90-3730a3d07362
4044ee59-1103-44e2-be0c-0eca6fb51a34
8440ebff-e4d3-487e-b70f-166476a99a27
9bf46154-237d-4fae-8d4f-0dacb7339740
27ea0b72-41e4-4191-bad9-364443a3a514
65d5228e-91f6-40fd-aef6-c0a9887a0c14
99bee39a-6dbd-41cd-aabc-3ca1930f3c4f
53500716-5612-4388-b956-a94e9bd6993d
da622ed8-68e9-457b-9de2-481c9e445b24
277a2fa2-dcbd-4cb4-8b97-047b00fac601
d6d5d7a4-b0f3-4a87-8420-52338d9c5270
2f303f96-7752-4d48-981d-7888d324cba7
c340800b-2172-40db-b085-a9aff356d198
1961f4d6-d3fb-416b-9312-9fe6bb0c7486
7c19dd7e-038d-496b-8e7b-6d7becb53293
40a2c836-942c-4ce1-8c34-197c352ca793
d61f812f-375c-477a-bda7-60100b30a2e0
e3c2d4d5-01a4-46a3-a984-b678b1583082
d3c7f886-c7a3-4c39-b505-94754bdabf1f
05369077-0d73-46c3-a5f4-2b8fd483a163
0bda00dc-4a04-455f-acbb-9ff1fd1438d8
804b9c64-5e02-4614-8851-7e3a5540b8dd
b7a3a31b-34ba-4495-a546-a00166e787e1
4d4033ab-02ef-4eaa-83a2-951bf72f0edf
6a27d841-efce-46eb-84ab-3927059b74c4
f021873c-972a-4d60-99d7-68609cc2e695
4dd65f44-9202-4c32-9fb6-3ead6029f40c
9db5d6e2-b05f-47a9-8f87-0425a0af2ec7
a523c812-ce1f-4e44-85a6-bb61329e410e
4014fe31-f946-4691-a495-826e7ee99e69
fe54bf0b-cb97-46a7-9008-51de41e23919
9a91a4a9-cf26-42ac-9036-6165755a3c3a
54cf251a-a228-4063-9bb7-81eeab539eb2
ec16a474-0802-46b8-a83a-6dfbe184b02c
386f187a-9650-4558-bb4e-3f32f7a076f2
f26f48c4-0778-404d-91d0-b22a7ad15b14
48b4747f-00aa-43f2-9458-744a6037bdc6
e62a8406-e77c-4e18-881d-ad05cca3b9c2
b449f25c-6f8e-4e46-a78b-9d5c9f142648
f062066c-ea30-4198-856b-857176dd669f
546e2e3e-92c0-4b55-a8eb-e4245eaee0ed
561211d6-85f6-4946-9766-311b366d82bf
4080dc9e-bbcd-4b43-93fc-89138dcf527c
867bbdec-8600-4fcd-aec1-74086e1f84f8
d53d0c80-4f8c-41ad-bc9b-735171806e09
53cb8bb3-5c86-4ce0-86ea-7ce9ffc6a3ae
bc636a6f-bcac-403c-b6ae-3a132bfaa7c2
a0101788-0968-481d-894d-e7d022a1d712
39596dbc-912e-44a3-898f-050268558e24
63c6c5b7-9e8d-43bc-a86a-8e95c3aa3583
a7385b91-a478-4b3a-8a65-04eeb979abca
23c8037c-084a-4960-9c75-f65c99a5b1be
81777371-16f1-4892-b8a0-0e08e6f9e2b2
27714b46-534d-46b2-8894-25b220264011
790d08f9-783a-477b-9f13-d4861ad3887a
b0ec4331-d18e-4dcd-8904-33ecc85c8e64
da716762-a3da-4b81-8dcf-9ab460328f4a
3938586d-b0cd-4fa4-9260-ed83f68136a8
db511d0c-d616-44f7-a652-6c99a03482d0
9d4efc9a-9f22-4bf8-85ba-2135afa87b95
213c785b-88d8-4a7a-a224-060e22c7d6eb
eaa60a53-2f44-4713-97d0-201bd390123e
f26f5437-2985-463a-aae0-fb5a2d72cbf5
a851eecb-b7fc-4a28-ab27-33784798f30b
e12f9004-559c-4e75-875f-87fc9811ccc3
8284909f-daa4-435f-ba50-35d5a436a4af
c7a8f173-9118-4f94-b9bb-59ba86ff733e
d838a636-500d-419d-a989-b0f5269d3767
0f3eed3a-9cf7-4a74-8621-64efe0b6ded8
acc15942-8f4a-4cf2-a5a9-3231e06373fe
1e3d51bc-cfdf-4c41-8f31-520b73a54865
0ed321c9-3ee8-41d6-986f-f2a4a6067125
250d8967-aba8-43d6-9a1f-fe90594605ed
7d86bc97-1168-4a4b-b1b5-c3114b97bc0d
e76b9768-6aab-4def-9713-a33e5b53f042
56875c91-269e-49b3-9b20-9b947c9057a4
d2b22d7e-d681-44b5-917a-7b443c4e623a
ab20329a-fb13-4cb2-aba6-bd437626db5c
9d303caa-7160-43eb-9518-66d1d6ddeb17
227b62b8-f780-494f-ab2f-e033d591d15a
7d17411d-05a9-400a-a409-f93cdcbc8752
3c35b908-28b0-4ee0-b8d2-027a425787c9
2ef23b61-ed4d-49d0-b361-fcd86339d917
da8ff628-473b-4bf0-90e0-280810474351
eff5a35c-d25c-4285-b4d8-fc7882831fd1
1443f587-eaef-4185-88c1-25c1ca92e18e
4f83ef4a-9650-46f6-8a01-b6bb29a2fb8c
c56ffd77-3da1-4310-b334-387a594b3d67
276fff1a-5116-49f2-8339-4dfc2d2f5a30
375cad42-db22-4230-9ba9-37affa42d01e
c142f71d-37fd-4fc8-aa01-136802e05c76
44ac77a4-96d3-41c1-b15d-d20e9b4e7a27
8f058b26-6e60-47d5-a7e1-e1d907ead8fd
2933f3ea-2df8-44c4-a3ef-c2b98766e9f9
1cb5c83e-40e9-44fd-a99f-3d5ed1e04c50
f2fa3df5-5a84-45be-b532-a728595623bd
bebd3ae8-1373-4638-b3c1-a198871c8dab
05bcf7bf-3215-4447-a370-4b0254d1ae4e
36c13ba4-82be-496a-af7e-a9f69391dbf1
a39a44be-3b7f-49e5-86f0-74b6d3492ca4
15f43276-cfbd-4c50-a21c-cae1a70573db
dfb576a5-aa9f-414f-98cd-94d875c690c9
f2fa8d50-2957-4acc-b371-ccd8c49bfdf3
53273e48-aff5-48be-9129-4b9fd48cfba6
b691c260-71d3-4d70-b8f2-af2cb69a9ea5
212a31dc-9de7-4c86-a3ee-3af31e8f42b0
48f1061d-8a10-40f1-8b01-79cf987338a2
3bd6a0a3-2601-4947-8b04-67b9155bf321
d8d7e3a4-f18b-48c6-b5e5-b2f15e23bb51
e9c844a5-5263-46fc-aaa3-e887bf4d44ac
56d10ed6-789d-4995-977e-6f66f2e8d2e0
aa27a5e6-3097-4104-993f-46fcdbb9eb11
54891248-ac49-4a95-8fca-826d705168c5
6a33a206-7d63-4aca-b99d-5e96178a5879
3bd7843e-5df8-442a-b887-6fa734220c3c
fd3ca12d-1a82-4cb6-a8ce-3076306dd45e
3cb8b5c2-42c3-477b-b84c-2fcd3756485d
b4bb82c1-3d50-4cde-b924-f4e204cf19a7
f05dc15b-15a3-403a-a29f-ccdbd70823ee
81be3e8b-3004-4ce6-94b7-8f5b9686fd84
9fef51fb-4b03-4986-85c9-91098bb05059
89796858-a1dc-4e05-b64f-6e4413c6841e
018af83c-0311-4bcd-afd3-b9ca7a3fca6f
cb1d098e-7f0e-499d-a390-993db3f6347c
a961c356-cf1d-41b2-a3cc-19553ab9a55f
df7b9622-8fba-4632-9d76-f32b84da11f8
60bdaf2c-85c6-4dc4-8610-aed67953b12d
4390cf00-fd61-478c-94ab-e6b8ef366efd
71cc6e49-32ce-4bb7-a6eb-5ce90c83a77a
6f33b86d-4264-4383-a265-5566b2aa5e6b
5a5f71ac-fff6-4124-8981-71ae605531fe
7f69f443-3f5d-42f2-8f5a-03a906eed9c1
5661785e-11fb-4b6e-b1c8-a69aef9d7ab8
cac96eb6-ad69-447d-80bf-240b99fb3d5b
b22a61b5-d224-4ab4-bb29-777a878a6162
05a5e178-9e86-46fe-8fcb-bd70323c7083
14c750d6-fc40-4d29-9549-6fad382e51b8
cc263ba2-734b-4826-88eb-9f03d969ea3d
c38e8a40-b36d-4ca1-aaa8-b20b5d021aaa
00752423-c210-4b57-a4d1-4f12155f2f40
5b459dd7-fd49-41f0-b169-de963bf890fd
ba404981-07c3-4969-b6aa-261726ee0b51
3dd7060e-4ff2-4eef-bdc6-7ae30d613fb3
25921cd2-d1ee-492a-872e-5bbba83298e5
7430c14d-2cb2-42b9-8235-59d44e43f9f2
03ebea4c-7076-4004-aa29-4c3aec8dd954
a9ca1873-3a57-4a51-8aa5-e0f9a9192449
6617ed95-9c39-4780-9f65-4853b4dfab94
00f37910-d9b6-4fce-997d-14b761220bd2
d708e24b-df81-4771-b257-fba1c5e0bf72
043d94af-e6da-43f3-ae09-47aafdf56294
9092e2e2-d4af-460f-af0c-5c893560782c
082ccb9d-b292-44b9-91e5-86b7f0df889d
d1ae5e48-811b-497c-b20c-561c19918f5e
6f277ee5-4aeb-4519-a20e-7d7020e0db11
b4bb1f56-4b9c-44d1-8158-2c56a1804299
a3c4033d-a23e-43c1-b272-ea7594b16e90
4f6141a6-54a6-460a-88c5-a4990c02f9bd
610b5109-f421-451d-99ea-01c363e89ebd
47c6f688-58ab-4d40-a414-aa8b17c1defb
b5f56bef-0a85-4b32-a94a-6391ba37746f
70c27137-77ec-4366-b5e0-ee672831b2b6
8aa825ac-f92e-4987-983a-341779dfdfd1
7ebc6a5c-4572-46d5-9662-9ccf761fc34f
bdf84ae4-d244-4a1f-852a-a7d4f0cb1a34
724870f9-9dcd-4652-bef4-1b2aa099cdb2
cceb1e75-8d5f-42df-b17d-c20d9dbbf1cc
07c5d4e4-3650-45e0-9a09-9f21ac3ed529
30128690-453e-4af3-92f2-87cafaa77847
b0104bf5-70c9-46b6-87e8-a72471d09d04
4aa54e90-1bff-41f4-9935-179ffd4ac072
3ec6beb0-9fc7-4905-935b-c6785ecd3ff7
e755a9f0-a387-45c0-b352-b38cf4c2ad00
d2f0b590-7bc8-4e5b-b3fc-214786197ca9
ce1cc78c-2393-4e62-987e-6ba52c296bf6
41c69324-09c7-4c70-8b63-84e2eaf554e9
11e8c4e9-8f94-4a8a-9346-ee0f7681e6ee
1126b5fb-8d14-40fa-9c3b-c16ea33ae70a
83445e0e-1a5b-44aa-9cd6-ad97b2000b66
72f2ea02-376b-4688-b36e-bed9684803ff
555d852f-f1e1-4965-99e1-f77d26462d8b
b38c5cd8-7196-465b-aa42-c7d9bb7bd6fb
b5b9a377-3467-4fd0-a4ed-4d7d72d8d25d
d3b7a59a-e635-4b4a-a9a2-e56dc1265f40
253a3fe9-363e-473d-a7d6-eac0df8f1fe2
a7d7c6f4-2ecc-4f82-8117-2538b9560a73
516f145e-48ec-441a-9c69-2e8cf098fcf1
25b04bdc-86e8-4a7a-a56c-8b1db71a5ad5
9fe93b48-f614-4ef9-a7fa-dec8cca39d23
cfccbb4b-b2c9-43d3-aca9-08e18fc37c16
33732f00-d45c-4294-ac41-b90e38cf6f99
a877f350-d4d3-4bfb-81c6-f82eb8e4030e
97fdebe5-315a-453a-89e6-557b665dcb6b
df1653ec-82c7-4056-b9c4-2b4606bbbf10
df98ae41-4acf-4fb6-9e03-cf5574c2abff
b33ce87d-e404-452c-bf39-24521f9011e0
9be8274c-6bfa-4bec-b85e-4004ac644567
d23804b7-ab47-431d-bba1-96865cab181a
31a68321-8fbd-4d40-9885-e6d2b38205c9
036099e8-c018-4dde-9463-591faf4847b8
eb321683-6ac8-4131-97cc-881c8fa85126
8fe30803-d7ca-48ac-affc-f2db384991b8
0a2151d8-55cc-4a8f-bdbb-04516f7502ee
718c1b6a-8a24-4c16-88ab-8f645102f45c
fd3c27af-96ee-4f57-97e5-59182d0d204b
70a18786-98c9-4b18-8709-f9fc50dd17e2
44848651-aad4-4e9f-ba78-9f5c44b0966f
20830a0a-16fd-4d5c-86bc-d942860bb164
c6fd432c-9c8d-417d-99ee-5d58c6557b76
72b04619-0301-4377-b6a4-0db0d7fb3abc
86a5a587-2b1f-41b4-b6d9-bea33036284a
fe7f8ceb-1c6c-40d3-9a1f-e71e40dd92a8
07858638-058c-4047-b105-5883ca1fbdc7
5c878cfe-3749-4abb-b618-82ca2ae0ddb7
7089f043-b819-48a1-9e56-52c8a9944460
287eb309-8f72-4074-be14-eee00d42b69e
63f5f741-3862-4067-913e-9755bc4957e4
14a3f30f-5482-4514-9492-6ad634ae0d80
784f4a00-c465-4aa5-960b-c4b9614ddfaf
e6d53e45-a6fd-4860-a58f-46323e5841f6
5331aabc-9191-49c1-ad1d-407bc79d62bd
1acb1249-e54d-45fa-bdbc-2c0008675cd8
c1cc7a1e-eed8-4fd6-b6bc-5f4d4ca20e04
75468fe5-8a02-46ae-86a2-52e42b0b52b3
9bb245a6-b518-4b76-90a7-9835b2f2db24
0c0c21e0-5986-4086-a405-60945a40de4d
29e177d6-63e1-485f-b0a3-fd50d8edf25e
f5d35d7e-fd18-4b8f-adcf-0260f7d31c1a
5bc1780a-9840-4ea2-ba14-f589c2d0d256
90361a02-84de-47a6-a0aa-7ceadebd7cfb
7f87e1d5-8c9e-456a-8043-b6498b5d23b4
55ebf6d2-64f4-4c69-85ae-c1071882e2ad
4c08cd55-ceda-4cab-8fc4-80d0301a3612
78a84ae8-e9aa-4289-a00f-e7eb22d7f4e4
bb08e57f-ac82-47ca-8140-e529a4a2947d
568df6a2-9eb8-480d-947f-fbdbb27c1d64
2ef38a50-08c7-438a-ae47-80b0fb1f15f3
87eaf30a-bda1-49b5-a203-7a62a8549c60
1c96b070-c597-46cf-954a-5827e0e03b08
e22b40f8-5787-41d0-aaa7-50d29190281c
0179b214-e382-4c08-b241-fa5bb301dca6
36393db5-8f34-4f8d-a74b-177a7444bcc6
1d20fa10-b217-41fe-9a5f-a3dded74cf84
3bf426ab-5b60-4d81-b9f6-9026ebca2844
096a15c0-5624-4e5a-a521-46e928e261a6
bf986cd1-2d93-4ff1-8961-b44722934222
a15a1900-ef84-4394-a26b-f8ec0c7fb911
fb11b5fc-1b83-424f-b939-c71031b4502e
d436a753-9985-44ab-806f-5568019018f4
e4e038a3-4923-4888-8d72-3736d39bf3d6
e71dfede-7c03-4e76-aa90-75242d6eff7f
63c2d451-ee2a-40ad-a4b2-17bc14f4ead2
2caa6bc0-fd5d-49a1-8b82-605bf4846b2b
29fcb9da-7c47-462c-aa4a-1178f9265690
4d0166f9-0f43-4fbd-a53c-74f4bee39d6c
0a60ef50-a1f8-410f-a85e-fab2ec02f0cb
e4a35981-6be5-4a7a-9bf5-b605a55b3e26
f024b2a6-c4db-434d-8694-1661cd69c3fd
67b84f39-7ca5-47d4-a03a-b55ccbf595a3
fd16c6a7-499e-49f9-a94c-695d0bd625b0
0b71fa83-3b13-4d66-835f-884cb15f7a18
225a323f-803b-40a7-baae-005a90c7cd42
a0d4aca0-f493-4900-b08a-1bd1a845584e
a5d5fca7-9189-4479-ac03-85562a3b6ecd
d3af7a27-4b8e-4646-b2c3-1488ca9bec80
9e281a00-d62f-40d0-b731-e79fa7319a22
be733493-77bb-4fdb-9ba5-07c5874daaee
3d9faa81-8a4a-4008-8bec-97ee1672d902
3528f598-580a-4f1d-8b1e-f5eec1fb7443
e318d96f-849a-41a3-8693-197caf6a55c5
3e0e2183-cb06-4ecd-ac46-f656215908fc
9d887971-f1b9-4c39-9891-9c2f740e5939
68497eed-3607-4cb7-baeb-8ea9dc8ee52c
d311fc84-37fd-44eb-aa6c-e42c8bae523d
0d884246-45dc-467d-baf6-1a92d5021ae2
fbf7bd19-3504-4d20-8054-4f0006650fe8
18d3a69d-7525-4172-8438-369cc775a9a1
9e3d9fc2-8e30-47d2-aa1a-982770039cf7
8920593e-7165-48c7-9327-2250e3bed9b6
b78f9efe-219e-49b4-a16b-2206b40d5ab7
1198b77c-50fa-429c-b0a7-35cd9d0abad8
61e018da-3129-49cb-bdc5-97c9d572e7fd
7b934f9b-511a-45f2-a193-905d0069937f
a6c6f60b-808f-45d8-9e48-256c6fa78422
569aeebc-b33d-4add-931c-fefa0063665e
4c522256-426e-4365-ad72-f77c22050842
582dcc8b-770d-47d6-a0c2-b30fe80eff7c
6afa679c-de20-41e0-a9d3-cf711c679d2b
bcfe69d5-9a31-48c3-a5eb-d24b106d82a3
5a467158-0d46-4594-b1e3-22b70afd727d
090b0fd5-6dd1-47b3-85e4-18e00ee2a728
f7f0febc-03c9-46fd-87aa-3a811b3ec088
5c26c475-000a-48a7-9026-e47347d7b26b
5254addd-2d43-41d6-82b8-cf72bcecb1e3
6a77e406-893d-40d6-848e-e2a4af726150
11a12373-7201-469a-b2a4-8eaaf8ca9444
4c9cc24a-a155-417d-be8b-e73a1430dec1
20d99f68-7317-4b53-8069-44fa01e106e0
6f0ae6a1-9299-49ef-bc39-67a21a15432c
b79ad794-45d2-4c64-909f-26d35550386e
a6dc1f1f-e7e9-49dc-9c0e-43bd2b42bb2a
260392e8-8f1f-432a-821f-25bd3d1111f0
51fbdac7-ca98-4fcf-ab4e-3f315ea086c9
a6a0dc91-94ea-4cfb-b19b-80a3d572ed25
ccd068f2-851c-4aff-8371-a6e8d57f3b58
2cfb8d33-9f26-489e-bdc7-e280f24f39d7
255e910f-c888-4170-802c-3720ac7f71fc
2bc42d98-ef7b-4d7e-86b0-ec79c6cd960a
444f2a34-f546-46b6-9392-28634d6ccc31
4462b593-1740-4248-84e2-356044ce09bd
91b0c281-78a4-4162-9e49-0241f5d8e4ef
3fa88e6a-530b-4e1e-a2f9-05c3fa2ffac6
c4e53fe1-8c45-4579-b3b9-2f3c148364a4
d06f0775-f64d-4605-98df-cada395ff928
1edc4acf-1ae0-42aa-8536-b23eefabf284
d7f48db1-c76d-4935-94b4-413488ff8298
644145f1-3282-4d94-97f8-54b84edd4f65
28112adf-1de4-475e-94a8-133aba2916c2
ab1b871e-d315-4ea9-8678-ac33dd7eddbc
687c791d-0cff-459d-8cc7-95797740c5a8
75c777fe-34e9-49ac-add6-fc66c15b56c3
61bf068b-1274-4478-947c-1ebce5434e61
21ca12a4-cdfb-41bb-81f3-3533acad7b16
615f32a4-1c45-42f5-bff3-c3a6e9af986a
1fc66288-1233-4120-a9f4-8c6cc56fe10d
b5167ad0-4fa1-45e9-a2a1-eb382df08cf1
3cf1a365-1a86-454f-8f58-8c0da7a85644
746253b9-200b-4e6d-bf4a-2f3e01465bab
85c5a18b-196c-490f-a81c-72153309c566
33b1fb86-111a-43a3-9132-32b0007280e3
19ac02be-3073-49ec-bfe6-f53e49c08473
232ed54c-ac3e-4063-b82f-0a0b015e2a44
2a786662-9dd3-4ac2-bf68-cdcfc18ce982
ba5f5d2b-548c-4f21-b3e6-d95c58d35a91
fc181317-2379-421f-8223-f13e7cd333e8
09918b46-8064-4453-9cab-e281354d5be1
54eb2c0a-8ba5-43ee-9b21-065c4f8155f3
1d7ebd37-0d5a-4395-a514-3e85e5624926
7d211273-2905-41e5-a214-2cc90ddc68e5
0e799571-cf5f-4dae-af2c-20a3b7dc4d16
7b1cffa5-25b7-4358-bfe5-0035660f705c
42b59522-90cd-4cd8-a9a1-f496d556f4f3
0e78dc24-2415-4fc4-b54b-edd24616ba96
bf95e759-6c5f-4da2-84cf-69a4eacbcdcc
06ac162b-e694-4a26-b47d-d1086753693f
d89c42f7-d2a4-4843-880f-cd8d1866e5c5
de74087f-d9de-40b8-aed5-3d240ec79206
b755323a-8dfb-46f3-9f7e-3f5d674399ab
01b1536c-d118-44e9-a87c-4651251ac7c4
4f8fc645-8eb3-4782-9d79-5c9ca9439f3c
701b2b50-57b2-4074-be24-14fa3b82a813
02e1dd1f-5ab1-4e90-a58b-84a7975d57df
2e910367-78ff-485b-adb0-a925c6d3a813
7a72a5ef-9e74-4990-8f43-fbaba1b9b6d3
4db1723a-487e-4770-a51d-673a3ad33dcb
d9d3d019-e177-4060-8fef-87a1c23e7ba4
b25670c4-d711-4c31-8021-672b27d2362d
51d06673-5fd3-4e47-a470-4e9811898ccc
fc84f894-3211-4622-b026-36468733cb3b
b3d76b6d-5d64-4631-bb44-6282513e0998
6f23454e-52cd-4d8c-a3d4-3adc08bd0cd0
e56f66ee-eaa1-4572-89cb-b2d5b263fba7
1c6642b5-e856-404d-8f9c-72bdeed73bae
b81f4c06-78ea-47b6-92dc-30b3767befb6
1cb7cdee-b439-4e95-ba78-8cb687f19767
094fe309-2c27-461e-9075-edfc67b6d399
861b6b0f-09ef-4326-a7d4-9a51fe1787af
2f7e6b9a-f818-4298-b420-4b1860fa6e2f
141a05e4-c0c7-4dc3-8bea-16db4e654b65
a7d76376-e6cf-45c1-bc03-976b927ce852
94e266b3-3ce6-4db2-9704-d167a92c3496
9764cb11-febb-4103-b7fb-3b884b8b6a1b
81e94a43-f160-4087-a456-672abb79a3e1
18526c8b-a4f3-4f2b-87d7-0355c6a7f3dc
2b953cf0-2284-41fb-877b-f714ef39bbfd
6d924121-e11a-44a8-9fda-7bc5624f8b07
f78383ca-29fb-4622-a843-182c8d4da511
0998f4d9-862b-4567-b161-0ff31010e4a6
e4959f09-630f-41ae-bb92-7205eec1e949
4ca0fc79-a3f2-4f64-ac75-094b53d61fb5
9e280e2c-343f-4905-abe5-f1c5f757495d
56bc39c8-d195-4a3d-a65e-c405f6478377
ae15f914-3721-4d48-96df-7e8431093ae3
85468b02-7ad7-402e-9216-e3c66ae3448b
2479caa7-498b-40d3-bfd6-0573c9766821
97e1e4cb-9d97-4bb1-892e-dfd35e331f14
073b5446-6d90-4316-8b4a-d8d9bc1ff3f9
7102049e-75aa-4045-86e5-681be4ba8adf
bc019f39-ce81-4ca5-9fa5-f084e765c214
5b715cb9-bac3-493c-8f27-14d64c21479a
3f99bd79-3f52-46b1-9eaf-5146584f6639
32584bf6-f86f-4a47-bee9-69b91eb6ed19
0ba87cf2-eca0-4577-b9cb-2cfe5d1c38fd
1c13a25c-4e9a-44ab-be7f-e4065ef2c363
3eadc48b-36d7-4190-90b9-a3fa65466e0b
1bf32f0c-c731-4250-8fbd-8bbbc9c78b33
c3e9fb5d-b569-43a2-9ac0-357a725169e0
39b2392f-8bab-4703-8335-843927afcd43
f953d32e-248c-4dee-8934-ec41ad3b8180
0b61d91f-9b51-4a1e-9ecf-2b230c747aae
58c18f05-bd8e-4ad1-986a-0669af81ac85
2b2e9315-b9bd-4cbe-9124-5ca7fb945103
3faa2a80-ccce-4453-a000-0b3ff98a77a1
3bf13d12-9294-4b91-a24b-f4d03307686c
9be155ad-060c-4d93-af4c-aa924e4a6340
df86a8ce-4f6f-437f-95a0-a8c3366e4d1a
2a9e0431-3236-4e04-a43b-7420b1081f4b
76aa8e39-c00a-486e-a234-47e4c1fd42a4
180512e8-2961-409c-82f9-f6894af02a7c
7a8006f1-e534-47a8-9be0-d7f30ffdad12
6f31c61c-59fc-4e44-82fb-98a7ff31a537
08404f2b-ab0e-41c0-b371-3873891a913f
62cc7b28-f05e-4cad-a9b2-5f6dddd50cc9
649f8f87-2a80-4091-8482-4c5136306298
39b94c6c-3095-4cc3-93ac-309b02064cd1
0c40dff7-7be9-40a0-9b60-e084674d6d1f
5709a6b3-0fe6-443b-9e6a-8b1d663424a4
94f48d4a-60df-47d4-ab8b-80c6cacdce0c
52c1f343-c106-433e-8d43-1ce0d4d740ab
d4e7a76f-674d-407b-963e-712df09d67d9
94364cf1-5432-48e2-a5f7-03215566c697
02022d4a-88dd-47b2-977d-223aeb8bdad8
e28b0fa0-06e2-4a46-80cb-cd3f4391447d
d074dd21-4f80-4604-988a-24aad91dde50
5cb97561-3e41-4160-a432-64d8ae47b035
948ee1d3-a0e0-475e-89d2-860ecddc909e
f0c422ee-609c-4170-8cde-df0d6c54e694
7bd64811-0114-4274-a024-84bb8826b8e1
3af9c31c-360c-47c8-acac-e54dcbef6996
740c4c0b-c1b3-448a-a356-21106739766f
0e2e475b-12fa-461b-8af8-8f2ea640a7ba
b6699191-4c11-49c1-be64-632f4833e61b
e3e2e6a1-d399-4b12-a494-3b6bf5eb55f2
12a44d99-f8f8-4ab8-bd27-f5bb919243e5
20afe693-7ed7-4bcd-9f7c-0cfb61553637
ab3e27fd-f679-47af-afea-c6cfbb5fd0f4
2c0a1cb2-8078-4143-bd94-df839a596973
8907d26e-e426-46e5-8e5e-932e2c358e9c
2eec969c-63b8-40fc-8a5c-8cdfa27ce88e
3e21b2a5-a727-4aa8-b710-2e01b2f3c9d6
]]></system-out>
  </testcase>
  <testcase name="testParseJwt" classname="com.xwl.SpringMybatisTailsApplicationTests" time="0.075">
    <error message="JWT expired at 2023-07-12T17:23:43Z. Current time: 2023-07-14T00:13:32Z, a difference of 110989592 milliseconds.  Allowed clock skew: 0 milliseconds." type="io.jsonwebtoken.ExpiredJwtException"><![CDATA[io.jsonwebtoken.ExpiredJwtException: JWT expired at 2023-07-12T17:23:43Z. Current time: 2023-07-14T00:13:32Z, a difference of 110989592 milliseconds.  Allowed clock skew: 0 milliseconds.
	at io.jsonwebtoken.impl.DefaultJwtParser.parse(DefaultJwtParser.java:385)
	at io.jsonwebtoken.impl.DefaultJwtParser.parse(DefaultJwtParser.java:481)
	at io.jsonwebtoken.impl.DefaultJwtParser.parseClaimsJws(DefaultJwtParser.java:541)
	at com.xwl.SpringMybatisTailsApplicationTests.testParseJwt(SpringMybatisTailsApplicationTests.java:43)
	at java.base/jdk.internal.reflect.NativeMethodAccessorImpl.invoke0(Native Method)
	at java.base/jdk.internal.reflect.NativeMethodAccessorImpl.invoke(NativeMethodAccessorImpl.java:77)
	at java.base/jdk.internal.reflect.DelegatingMethodAccessorImpl.invoke(DelegatingMethodAccessorImpl.java:43)
	at java.base/java.lang.reflect.Method.invoke(Method.java:568)
	at org.junit.platform.commons.util.ReflectionUtils.invokeMethod(ReflectionUtils.java:727)
	at org.junit.jupiter.engine.execution.MethodInvocation.proceed(MethodInvocation.java:60)
	at org.junit.jupiter.engine.execution.InvocationInterceptorChain$ValidatingInvocation.proceed(InvocationInterceptorChain.java:131)
	at org.junit.jupiter.engine.extension.TimeoutExtension.intercept(TimeoutExtension.java:156)
	at org.junit.jupiter.engine.extension.TimeoutExtension.interceptTestableMethod(TimeoutExtension.java:147)
	at org.junit.jupiter.engine.extension.TimeoutExtension.interceptTestMethod(TimeoutExtension.java:86)
	at org.junit.jupiter.engine.execution.InterceptingExecutableInvoker$ReflectiveInterceptorCall.lambda$ofVoidMethod$0(InterceptingExecutableInvoker.java:103)
	at org.junit.jupiter.engine.execution.InterceptingExecutableInvoker.lambda$invoke$0(InterceptingExecutableInvoker.java:93)
	at org.junit.jupiter.engine.execution.InvocationInterceptorChain$InterceptedInvocation.proceed(InvocationInterceptorChain.java:106)
	at org.junit.jupiter.engine.execution.InvocationInterceptorChain.proceed(InvocationInterceptorChain.java:64)
	at org.junit.jupiter.engine.execution.InvocationInterceptorChain.chainAndInvoke(InvocationInterceptorChain.java:45)
	at org.junit.jupiter.engine.execution.InvocationInterceptorChain.invoke(InvocationInterceptorChain.java:37)
	at org.junit.jupiter.engine.execution.InterceptingExecutableInvoker.invoke(InterceptingExecutableInvoker.java:92)
	at org.junit.jupiter.engine.execution.InterceptingExecutableInvoker.invoke(InterceptingExecutableInvoker.java:86)
	at org.junit.jupiter.engine.descriptor.TestMethodTestDescriptor.lambda$invokeTestMethod$7(TestMethodTestDescriptor.java:217)
	at org.junit.platform.engine.support.hierarchical.ThrowableCollector.execute(ThrowableCollector.java:73)
	at org.junit.jupiter.engine.descriptor.TestMethodTestDescriptor.invokeTestMethod(TestMethodTestDescriptor.java:213)
	at org.junit.jupiter.engine.descriptor.TestMethodTestDescriptor.execute(TestMethodTestDescriptor.java:138)
	at org.junit.jupiter.engine.descriptor.TestMethodTestDescriptor.execute(TestMethodTestDescriptor.java:68)
	at org.junit.platform.engine.support.hierarchical.NodeTestTask.lambda$executeRecursively$6(NodeTestTask.java:151)
	at org.junit.platform.engine.support.hierarchical.ThrowableCollector.execute(ThrowableCollector.java:73)
	at org.junit.platform.engine.support.hierarchical.NodeTestTask.lambda$executeRecursively$8(NodeTestTask.java:141)
	at org.junit.platform.engine.support.hierarchical.Node.around(Node.java:137)
	at org.junit.platform.engine.support.hierarchical.NodeTestTask.lambda$executeRecursively$9(NodeTestTask.java:139)
	at org.junit.platform.engine.support.hierarchical.ThrowableCollector.execute(ThrowableCollector.java:73)
	at org.junit.platform.engine.support.hierarchical.NodeTestTask.executeRecursively(NodeTestTask.java:138)
	at org.junit.platform.engine.support.hierarchical.NodeTestTask.execute(NodeTestTask.java:95)
	at java.base/java.util.ArrayList.forEach(ArrayList.java:1511)
	at org.junit.platform.engine.support.hierarchical.SameThreadHierarchicalTestExecutorService.invokeAll(SameThreadHierarchicalTestExecutorService.java:41)
	at org.junit.platform.engine.support.hierarchical.NodeTestTask.lambda$executeRecursively$6(NodeTestTask.java:155)
	at org.junit.platform.engine.support.hierarchical.ThrowableCollector.execute(ThrowableCollector.java:73)
	at org.junit.platform.engine.support.hierarchical.NodeTestTask.lambda$executeRecursively$8(NodeTestTask.java:141)
	at org.junit.platform.engine.support.hierarchical.Node.around(Node.java:137)
	at org.junit.platform.engine.support.hierarchical.NodeTestTask.lambda$executeRecursively$9(NodeTestTask.java:139)
	at org.junit.platform.engine.support.hierarchical.ThrowableCollector.execute(ThrowableCollector.java:73)
	at org.junit.platform.engine.support.hierarchical.NodeTestTask.executeRecursively(NodeTestTask.java:138)
	at org.junit.platform.engine.support.hierarchical.NodeTestTask.execute(NodeTestTask.java:95)
	at java.base/java.util.ArrayList.forEach(ArrayList.java:1511)
	at org.junit.platform.engine.support.hierarchical.SameThreadHierarchicalTestExecutorService.invokeAll(SameThreadHierarchicalTestExecutorService.java:41)
	at org.junit.platform.engine.support.hierarchical.NodeTestTask.lambda$executeRecursively$6(NodeTestTask.java:155)
	at org.junit.platform.engine.support.hierarchical.ThrowableCollector.execute(ThrowableCollector.java:73)
	at org.junit.platform.engine.support.hierarchical.NodeTestTask.lambda$executeRecursively$8(NodeTestTask.java:141)
	at org.junit.platform.engine.support.hierarchical.Node.around(Node.java:137)
	at org.junit.platform.engine.support.hierarchical.NodeTestTask.lambda$executeRecursively$9(NodeTestTask.java:139)
	at org.junit.platform.engine.support.hierarchical.ThrowableCollector.execute(ThrowableCollector.java:73)
	at org.junit.platform.engine.support.hierarchical.NodeTestTask.executeRecursively(NodeTestTask.java:138)
	at org.junit.platform.engine.support.hierarchical.NodeTestTask.execute(NodeTestTask.java:95)
	at org.junit.platform.engine.support.hierarchical.SameThreadHierarchicalTestExecutorService.submit(SameThreadHierarchicalTestExecutorService.java:35)
	at org.junit.platform.engine.support.hierarchical.HierarchicalTestExecutor.execute(HierarchicalTestExecutor.java:57)
	at org.junit.platform.engine.support.hierarchical.HierarchicalTestEngine.execute(HierarchicalTestEngine.java:54)
	at org.junit.platform.launcher.core.EngineExecutionOrchestrator.execute(EngineExecutionOrchestrator.java:147)
	at org.junit.platform.launcher.core.EngineExecutionOrchestrator.execute(EngineExecutionOrchestrator.java:127)
	at org.junit.platform.launcher.core.EngineExecutionOrchestrator.execute(EngineExecutionOrchestrator.java:90)
	at org.junit.platform.launcher.core.EngineExecutionOrchestrator.lambda$execute$0(EngineExecutionOrchestrator.java:55)
	at org.junit.platform.launcher.core.EngineExecutionOrchestrator.withInterceptedStreams(EngineExecutionOrchestrator.java:102)
	at org.junit.platform.launcher.core.EngineExecutionOrchestrator.execute(EngineExecutionOrchestrator.java:54)
	at org.junit.platform.launcher.core.DefaultLauncher.execute(DefaultLauncher.java:114)
	at org.junit.platform.launcher.core.DefaultLauncher.execute(DefaultLauncher.java:86)
	at org.junit.platform.launcher.core.DefaultLauncherSession$DelegatingLauncher.execute(DefaultLauncherSession.java:86)
	at org.apache.maven.surefire.junitplatform.LazyLauncher.execute(LazyLauncher.java:50)
	at org.apache.maven.surefire.junitplatform.JUnitPlatformProvider.execute(JUnitPlatformProvider.java:184)
	at org.apache.maven.surefire.junitplatform.JUnitPlatformProvider.invokeAllTests(JUnitPlatformProvider.java:148)
	at org.apache.maven.surefire.junitplatform.JUnitPlatformProvider.invoke(JUnitPlatformProvider.java:122)
	at org.apache.maven.surefire.booter.ForkedBooter.runSuitesInProcess(ForkedBooter.java:385)
	at org.apache.maven.surefire.booter.ForkedBooter.execute(ForkedBooter.java:162)
	at org.apache.maven.surefire.booter.ForkedBooter.run(ForkedBooter.java:507)
	at org.apache.maven.surefire.booter.ForkedBooter.main(ForkedBooter.java:495)
]]></error>
  </testcase>
</testsuite>